# JRE version: OpenJDK Runtime Environment (21.0.10) (build 21.0.10+-14961533-b1163.108)
# Java VM: OpenJDK 64-Bit Server VM (21.0.10+-14961533-b1163.108, mixed mode, tiered, compressed oops, compressed class ptrs, g1 gc, windows-amd64)
GC Precious Log:
 CardTable entry size: 512
 Card Set container configuration: InlinePtr #cards 5 size 8 Array Of Cards #cards 12 size 40 Howl #buckets 4 coarsen threshold 1843 Howl Bitmap #cards 512 size 80 coarsen threshold 460 Card regions per heap region 1 cards per card region 2048
 CPUs: 4 total, 4 available
 Memory: 12152M
 Large Page Support: Disabled
 NUMA Support: Disabled
 Compressed Oops: Enabled (32-bit)
 Heap Region Size: 1M
 Heap Min Capacity: 8M
 Heap Initial Capacity: 190M
 Heap Max Capacity: 2G
 Pre-touch: Disabled
 Parallel Workers: 4
 Concurrent Workers: 1
 Concurrent Refinement Workers: 4
 Periodic GC: Disabled
Heap:
 garbage-first heap   total 172032K, used 150528K [0x0000000080000000, 0x0000000100000000)
  region size 1024K, 43 young (44032K), 7 survivors (7168K)
 Metaspace       used 118724K, committed 121088K, reserved 1179648K
  class space    used 16689K, committed 17856K, reserved 1048576K
GC Heap History (20 events):
Event: 16.847 GC heap before
{Heap before GC invocations=30 (full 0):
 garbage-first heap   total 126976K, used 115472K [0x0000000080000000, 0x0000000100000000)
  region size 1024K, 41 young (41984K), 4 survivors (4096K)
 Metaspace       used 86611K, committed 88768K, reserved 1179648K
  class space    used 12140K, committed 13184K, reserved 1048576K
}
Event: 16.855 GC heap after
{Heap after GC invocations=31 (full 0):
 garbage-first heap   total 126976K, used 79293K [0x0000000080000000, 0x0000000100000000)
  region size 1024K, 4 young (4096K), 4 survivors (4096K)
 Metaspace       used 86611K, committed 88768K, reserved 1179648K
  class space    used 12140K, committed 13184K, reserved 1048576K
}
Event: 17.512 GC heap before
{Heap before GC invocations=32 (full 0):
 garbage-first heap   total 133120K, used 122301K [0x0000000080000000, 0x0000000100000000)
  region size 1024K, 41 young (41984K), 4 survivors (4096K)
 Metaspace       used 89059K, committed 91136K, reserved 1179648K
  class space    used 12479K, committed 13504K, reserved 1048576K
}
Event: 17.520 GC heap after
{Heap after GC invocations=33 (full 0):
 garbage-first heap   total 133120K, used 84641K [0x0000000080000000, 0x0000000100000000)
  region size 1024K, 6 young (6144K), 6 survivors (6144K)
 Metaspace       used 89059K, committed 91136K, reserved 1179648K
  class space    used 12479K, committed 13504K, reserved 1048576K
}
Event: 18.080 GC heap before
{Heap before GC invocations=33 (full 0):
 garbage-first heap   total 133120K, used 121505K [0x0000000080000000, 0x0000000100000000)
  region size 1024K, 42 young (43008K), 6 survivors (6144K)
 Metaspace       used 91670K, committed 93760K, reserved 1179648K
  class space    used 12798K, committed 13824K, reserved 1048576K
}
Event: 18.087 GC heap after
{Heap after GC invocations=34 (full 0):
 garbage-first heap   total 159744K, used 85198K [0x0000000080000000, 0x0000000100000000)
  region size 1024K, 2 young (2048K), 2 survivors (2048K)
 Metaspace       used 91670K, committed 93760K, reserved 1179648K
  class space    used 12798K, committed 13824K, reserved 1048576K
}
Event: 19.082 GC heap before
{Heap before GC invocations=34 (full 0):
 garbage-first heap   total 159744K, used 145614K [0x0000000080000000, 0x0000000100000000)
  region size 1024K, 62 young (63488K), 2 survivors (2048K)
 Metaspace       used 95246K, committed 97408K, reserved 1179648K
  class space    used 13258K, committed 14336K, reserved 1048576K
}
Event: 19.094 GC heap after
{Heap after GC invocations=35 (full 0):
 garbage-first heap   total 159744K, used 89808K [0x0000000080000000, 0x0000000100000000)
  region size 1024K, 7 young (7168K), 7 survivors (7168K)
 Metaspace       used 95246K, committed 97408K, reserved 1179648K
  class space    used 13258K, committed 14336K, reserved 1048576K
}
Event: 19.969 GC heap before
{Heap before GC invocations=35 (full 0):
 garbage-first heap   total 159744K, used 144080K [0x0000000080000000, 0x0000000100000000)
  region size 1024K, 60 young (61440K), 7 survivors (7168K)
 Metaspace       used 99026K, committed 101184K, reserved 1179648K
  class space    used 13876K, committed 14912K, reserved 1048576K
}
Event: 19.979 GC heap after
{Heap after GC invocations=36 (full 0):
 garbage-first heap   total 159744K, used 91870K [0x0000000080000000, 0x0000000100000000)
  region size 1024K, 2 young (2048K), 2 survivors (2048K)
 Metaspace       used 99026K, committed 101184K, reserved 1179648K
  class space    used 13876K, committed 14912K, reserved 1048576K
}
Event: 21.112 GC heap before
{Heap before GC invocations=36 (full 0):
 garbage-first heap   total 159744K, used 147166K [0x0000000080000000, 0x0000000100000000)
  region size 1024K, 56 young (57344K), 2 survivors (2048K)
 Metaspace       used 102848K, committed 105088K, reserved 1179648K
  class space    used 14541K, committed 15616K, reserved 1048576K
}
Event: 21.118 GC heap after
{Heap after GC invocations=37 (full 0):
 garbage-first heap   total 159744K, used 93831K [0x0000000080000000, 0x0000000100000000)
  region size 1024K, 4 young (4096K), 4 survivors (4096K)
 Metaspace       used 102848K, committed 105088K, reserved 1179648K
  class space    used 14541K, committed 15616K, reserved 1048576K
}
Event: 21.945 GC heap before
{Heap before GC invocations=38 (full 0):
 garbage-first heap   total 159744K, used 149127K [0x0000000080000000, 0x0000000100000000)
  region size 1024K, 58 young (59392K), 4 survivors (4096K)
 Metaspace       used 106607K, committed 108928K, reserved 1179648K
  class space    used 15138K, committed 16256K, reserved 1048576K
}
Event: 21.957 GC heap after
{Heap after GC invocations=39 (full 0):
 garbage-first heap   total 159744K, used 96622K [0x0000000080000000, 0x0000000100000000)
  region size 1024K, 7 young (7168K), 7 survivors (7168K)
 Metaspace       used 106607K, committed 108928K, reserved 1179648K
  class space    used 15138K, committed 16256K, reserved 1048576K
}
Event: 22.913 GC heap before
{Heap before GC invocations=39 (full 0):
 garbage-first heap   total 159744K, used 149870K [0x0000000080000000, 0x0000000100000000)
  region size 1024K, 59 young (60416K), 7 survivors (7168K)
 Metaspace       used 110165K, committed 112448K, reserved 1179648K
  class space    used 15691K, committed 16768K, reserved 1048576K
}
Event: 22.924 GC heap after
{Heap after GC invocations=40 (full 0):
 garbage-first heap   total 160768K, used 96667K [0x0000000080000000, 0x0000000100000000)
  region size 1024K, 5 young (5120K), 5 survivors (5120K)
 Metaspace       used 110165K, committed 112448K, reserved 1179648K
  class space    used 15691K, committed 16768K, reserved 1048576K
}
Event: 23.872 GC heap before
{Heap before GC invocations=40 (full 0):
 garbage-first heap   total 160768K, used 150939K [0x0000000080000000, 0x0000000100000000)
  region size 1024K, 58 young (59392K), 5 survivors (5120K)
 Metaspace       used 113759K, committed 116160K, reserved 1179648K
  class space    used 16155K, committed 17280K, reserved 1048576K
}
Event: 23.884 GC heap after
{Heap after GC invocations=41 (full 0):
 garbage-first heap   total 161792K, used 101723K [0x0000000080000000, 0x0000000100000000)
  region size 1024K, 7 young (7168K), 7 survivors (7168K)
 Metaspace       used 113759K, committed 116160K, reserved 1179648K
  class space    used 16155K, committed 17280K, reserved 1048576K
}
Event: 24.839 GC heap before
{Heap before GC invocations=42 (full 0):
 garbage-first heap   total 171008K, used 154971K [0x0000000080000000, 0x0000000100000000)
  region size 1024K, 55 young (56320K), 7 survivors (7168K)
 Metaspace       used 114790K, committed 117120K, reserved 1179648K
  class space    used 16212K, committed 17344K, reserved 1048576K
}
Event: 24.858 GC heap after
{Heap after GC invocations=43 (full 0):
 garbage-first heap   total 172032K, used 110592K [0x0000000080000000, 0x0000000100000000)
  region size 1024K, 7 young (7168K), 7 survivors (7168K)
 Metaspace       used 114790K, committed 117120K, reserved 1179648K
  class space    used 16212K, committed 17344K, reserved 1048576K
}

